{"/Users/iby/work/cookbook/src/index.ts": {"path":"/Users/iby/work/cookbook/src/index.ts","statementMap":{"0":{"start":{"line":1,"column":0},"end":{"line":1,"column":65}},"1":{"start":{"line":3,"column":0},"end":{"line":3,"column":33}},"2":{"start":{"line":4,"column":0},"end":{"line":4,"column":30}},"3":{"start":{"line":6,"column":0},"end":{"line":6,"column":null}},"4":{"start":{"line":8,"column":13},"end":{"line":8,"column":17}},"5":{"start":{"line":10,"column":19},"end":{"line":24,"column":1}},"6":{"start":{"line":11,"column":29},"end":{"line":11,"column":38}},"7":{"start":{"line":14,"column":4},"end":{"line":14,"column":28}},"8":{"start":{"line":15,"column":4},"end":{"line":15,"column":52}},"9":{"start":{"line":17,"column":4},"end":{"line":19,"column":null}},"10":{"start":{"line":17,"column":73},"end":{"line":19,"column":6}},"11":{"start":{"line":18,"column":8},"end":{"line":18,"column":null}},"12":{"start":{"line":21,"column":4},"end":{"line":21,"column":null}},"13":{"start":{"line":23,"column":4},"end":{"line":23,"column":null}},"14":{"start":{"line":10,"column":13},"end":{"line":10,"column":19}},"15":{"start":{"line":26,"column":21},"end":{"line":35,"column":1}},"16":{"start":{"line":27,"column":16},"end":{"line":27,"column":21}},"17":{"start":{"line":28,"column":4},"end":{"line":34,"column":null}},"18":{"start":{"line":29,"column":8},"end":{"line":31,"column":null}},"19":{"start":{"line":30,"column":12},"end":{"line":30,"column":null}},"20":{"start":{"line":33,"column":8},"end":{"line":33,"column":null}},"21":{"start":{"line":26,"column":13},"end":{"line":26,"column":21}},"22":{"start":{"line":37,"column":0},"end":{"line":37,"column":null}}},"fnMap":{"0":{"name":"(anonymous_8)","decl":{"start":{"line":10,"column":19},"end":{"line":10,"column":22}},"loc":{"start":{"line":10,"column":24},"end":{"line":24,"column":1}}},"1":{"name":"(anonymous_9)","decl":{"start":{"line":17,"column":17},"end":{"line":17,"column":23}},"loc":{"start":{"line":17,"column":73},"end":{"line":19,"column":6}}},"2":{"name":"(anonymous_10)","decl":{"start":{"line":17,"column":73},"end":{"line":17,"column":null}},"loc":{"start":{"line":17,"column":73},"end":{"line":19,"column":5}}},"3":{"name":"(anonymous_11)","decl":{"start":{"line":26,"column":21},"end":{"line":26,"column":24}},"loc":{"start":{"line":26,"column":26},"end":{"line":35,"column":1}}},"4":{"name":"(anonymous_12)","decl":{"start":{"line":29,"column":25},"end":{"line":29,"column":28}},"loc":{"start":{"line":29,"column":30},"end":{"line":31,"column":9}}}},"branchMap":{},"s":{"0":1,"1":1,"2":1,"3":1,"4":1,"5":1,"6":2,"7":2,"8":2,"9":2,"10":0,"11":0,"12":2,"13":2,"14":1,"15":1,"16":1,"17":1,"18":1,"19":1,"20":0,"21":1,"22":1},"f":{"0":2,"1":0,"2":0,"3":1,"4":1},"b":{}}
,"/Users/iby/work/cookbook/src/api/controllers/ingredient/index.ts": {"path":"/Users/iby/work/cookbook/src/api/controllers/ingredient/index.ts","statementMap":{"0":{"start":{"line":1,"column":0},"end":{"line":1,"column":65}},"1":{"start":{"line":4,"column":0},"end":{"line":4,"column":34}},"2":{"start":{"line":6,"column":22},"end":{"line":8,"column":null}},"3":{"start":{"line":6,"column":81},"end":{"line":8,"column":null}},"4":{"start":{"line":7,"column":4},"end":{"line":7,"column":null}},"5":{"start":{"line":6,"column":13},"end":{"line":6,"column":22}},"6":{"start":{"line":10,"column":22},"end":{"line":12,"column":null}},"7":{"start":{"line":10,"column":94},"end":{"line":12,"column":null}},"8":{"start":{"line":11,"column":4},"end":{"line":11,"column":null}},"9":{"start":{"line":10,"column":13},"end":{"line":10,"column":22}},"10":{"start":{"line":14,"column":23},"end":{"line":16,"column":null}},"11":{"start":{"line":14,"column":65},"end":{"line":16,"column":null}},"12":{"start":{"line":15,"column":4},"end":{"line":15,"column":null}},"13":{"start":{"line":14,"column":13},"end":{"line":14,"column":23}},"14":{"start":{"line":18,"column":26},"end":{"line":22,"column":null}},"15":{"start":{"line":18,"column":64},"end":{"line":22,"column":null}},"16":{"start":{"line":19,"column":22},"end":{"line":19,"column":50}},"17":{"start":{"line":21,"column":4},"end":{"line":21,"column":null}},"18":{"start":{"line":18,"column":13},"end":{"line":18,"column":26}},"19":{"start":{"line":24,"column":22},"end":{"line":26,"column":null}},"20":{"start":{"line":24,"column":84},"end":{"line":26,"column":null}},"21":{"start":{"line":25,"column":4},"end":{"line":25,"column":null}},"22":{"start":{"line":24,"column":13},"end":{"line":24,"column":22}}},"fnMap":{"0":{"name":"(anonymous_13)","decl":{"start":{"line":6,"column":22},"end":{"line":6,"column":28}},"loc":{"start":{"line":6,"column":81},"end":{"line":8,"column":null}}},"1":{"name":"(anonymous_14)","decl":{"start":{"line":6,"column":81},"end":{"line":6,"column":null}},"loc":{"start":{"line":6,"column":81},"end":{"line":8,"column":1}}},"2":{"name":"(anonymous_15)","decl":{"start":{"line":10,"column":22},"end":{"line":10,"column":29}},"loc":{"start":{"line":10,"column":94},"end":{"line":12,"column":null}}},"3":{"name":"(anonymous_16)","decl":{"start":{"line":10,"column":94},"end":{"line":10,"column":null}},"loc":{"start":{"line":10,"column":94},"end":{"line":12,"column":1}}},"4":{"name":"(anonymous_17)","decl":{"start":{"line":14,"column":23},"end":{"line":14,"column":30}},"loc":{"start":{"line":14,"column":65},"end":{"line":16,"column":null}}},"5":{"name":"(anonymous_18)","decl":{"start":{"line":14,"column":65},"end":{"line":14,"column":null}},"loc":{"start":{"line":14,"column":65},"end":{"line":16,"column":1}}},"6":{"name":"(anonymous_19)","decl":{"start":{"line":18,"column":26},"end":{"line":18,"column":32}},"loc":{"start":{"line":18,"column":64},"end":{"line":22,"column":null}}},"7":{"name":"(anonymous_20)","decl":{"start":{"line":18,"column":64},"end":{"line":18,"column":null}},"loc":{"start":{"line":18,"column":64},"end":{"line":22,"column":1}}},"8":{"name":"(anonymous_21)","decl":{"start":{"line":24,"column":22},"end":{"line":24,"column":28}},"loc":{"start":{"line":24,"column":84},"end":{"line":26,"column":null}}},"9":{"name":"(anonymous_22)","decl":{"start":{"line":24,"column":84},"end":{"line":24,"column":null}},"loc":{"start":{"line":24,"column":84},"end":{"line":26,"column":1}}}},"branchMap":{},"s":{"0":1,"1":1,"2":1,"3":0,"4":0,"5":1,"6":1,"7":0,"8":0,"9":1,"10":1,"11":0,"12":0,"13":1,"14":1,"15":0,"16":0,"17":0,"18":1,"19":1,"20":0,"21":0,"22":1},"f":{"0":0,"1":0,"2":0,"3":0,"4":0,"5":0,"6":0,"7":0,"8":0,"9":0},"b":{}}
,"/Users/iby/work/cookbook/src/api/controllers/ingredient/mapper.ts": {"path":"/Users/iby/work/cookbook/src/api/controllers/ingredient/mapper.ts","statementMap":{"0":{"start":{"line":4,"column":28},"end":{"line":15,"column":1}},"1":{"start":{"line":5,"column":4},"end":{"line":14,"column":null}},"2":{"start":{"line":4,"column":13},"end":{"line":4,"column":28}}},"fnMap":{"0":{"name":"(anonymous_0)","decl":{"start":{"line":4,"column":28},"end":{"line":4,"column":29}},"loc":{"start":{"line":4,"column":72},"end":{"line":15,"column":1}}}},"branchMap":{},"s":{"0":1,"1":0,"2":1},"f":{"0":0},"b":{}}
,"/Users/iby/work/cookbook/src/api/controllers/recipes/index.ts": {"path":"/Users/iby/work/cookbook/src/api/controllers/recipes/index.ts","statementMap":{"0":{"start":{"line":2,"column":0},"end":{"line":2,"column":34}},"1":{"start":{"line":3,"column":0},"end":{"line":3,"column":61}},"2":{"start":{"line":7,"column":22},"end":{"line":9,"column":null}},"3":{"start":{"line":7,"column":74},"end":{"line":9,"column":null}},"4":{"start":{"line":8,"column":4},"end":{"line":8,"column":null}},"5":{"start":{"line":7,"column":13},"end":{"line":7,"column":22}},"6":{"start":{"line":11,"column":22},"end":{"line":13,"column":null}},"7":{"start":{"line":11,"column":86},"end":{"line":13,"column":null}},"8":{"start":{"line":12,"column":4},"end":{"line":12,"column":null}},"9":{"start":{"line":11,"column":13},"end":{"line":11,"column":22}},"10":{"start":{"line":15,"column":23},"end":{"line":17,"column":null}},"11":{"start":{"line":15,"column":61},"end":{"line":17,"column":null}},"12":{"start":{"line":16,"column":4},"end":{"line":16,"column":null}},"13":{"start":{"line":15,"column":13},"end":{"line":15,"column":23}},"14":{"start":{"line":19,"column":26},"end":{"line":21,"column":1}},"15":{"start":{"line":20,"column":4},"end":{"line":20,"column":null}},"16":{"start":{"line":19,"column":13},"end":{"line":19,"column":26}},"17":{"start":{"line":23,"column":22},"end":{"line":25,"column":null}},"18":{"start":{"line":23,"column":81},"end":{"line":25,"column":null}},"19":{"start":{"line":24,"column":4},"end":{"line":24,"column":null}},"20":{"start":{"line":23,"column":13},"end":{"line":23,"column":22}}},"fnMap":{"0":{"name":"(anonymous_13)","decl":{"start":{"line":7,"column":22},"end":{"line":7,"column":29}},"loc":{"start":{"line":7,"column":74},"end":{"line":9,"column":null}}},"1":{"name":"(anonymous_14)","decl":{"start":{"line":7,"column":74},"end":{"line":7,"column":null}},"loc":{"start":{"line":7,"column":74},"end":{"line":9,"column":1}}},"2":{"name":"(anonymous_15)","decl":{"start":{"line":11,"column":22},"end":{"line":11,"column":29}},"loc":{"start":{"line":11,"column":86},"end":{"line":13,"column":null}}},"3":{"name":"(anonymous_16)","decl":{"start":{"line":11,"column":86},"end":{"line":11,"column":null}},"loc":{"start":{"line":11,"column":86},"end":{"line":13,"column":1}}},"4":{"name":"(anonymous_17)","decl":{"start":{"line":15,"column":23},"end":{"line":15,"column":30}},"loc":{"start":{"line":15,"column":61},"end":{"line":17,"column":null}}},"5":{"name":"(anonymous_18)","decl":{"start":{"line":15,"column":61},"end":{"line":15,"column":null}},"loc":{"start":{"line":15,"column":61},"end":{"line":17,"column":1}}},"6":{"name":"(anonymous_19)","decl":{"start":{"line":19,"column":26},"end":{"line":19,"column":27}},"loc":{"start":{"line":19,"column":59},"end":{"line":21,"column":1}}},"7":{"name":"(anonymous_20)","decl":{"start":{"line":23,"column":22},"end":{"line":23,"column":29}},"loc":{"start":{"line":23,"column":81},"end":{"line":25,"column":null}}},"8":{"name":"(anonymous_21)","decl":{"start":{"line":23,"column":81},"end":{"line":23,"column":null}},"loc":{"start":{"line":23,"column":81},"end":{"line":25,"column":1}}}},"branchMap":{},"s":{"0":1,"1":1,"2":1,"3":0,"4":0,"5":1,"6":1,"7":0,"8":0,"9":1,"10":1,"11":1,"12":1,"13":1,"14":1,"15":0,"16":1,"17":1,"18":1,"19":1,"20":1},"f":{"0":0,"1":0,"2":0,"3":0,"4":1,"5":1,"6":0,"7":1,"8":1},"b":{}}
,"/Users/iby/work/cookbook/src/api/controllers/recipes/mapper.ts": {"path":"/Users/iby/work/cookbook/src/api/controllers/recipes/mapper.ts","statementMap":{"0":{"start":{"line":4,"column":24},"end":{"line":14,"column":2}},"1":{"start":{"line":4,"column":59},"end":{"line":14,"column":2}},"2":{"start":{"line":4,"column":13},"end":{"line":4,"column":24}}},"fnMap":{"0":{"name":"(anonymous_0)","decl":{"start":{"line":4,"column":24},"end":{"line":4,"column":25}},"loc":{"start":{"line":4,"column":59},"end":{"line":14,"column":2}}}},"branchMap":{},"s":{"0":1,"1":3,"2":1},"f":{"0":3},"b":{}}
,"/Users/iby/work/cookbook/src/api/routes/categories.ts": {"path":"/Users/iby/work/cookbook/src/api/routes/categories.ts","statementMap":{"0":{"start":{"line":1,"column":0},"end":{"line":1,"column":32}},"1":{"start":{"line":3,"column":25},"end":{"line":3,"column":33}},"2":{"start":{"line":5,"column":0},"end":{"line":7,"column":null}},"3":{"start":{"line":9,"column":0},"end":{"line":12,"column":null}},"4":{"start":{"line":14,"column":0},"end":{"line":16,"column":null}},"5":{"start":{"line":18,"column":0},"end":{"line":20,"column":null}},"6":{"start":{"line":22,"column":0},"end":{"line":24,"column":null}},"7":{"start":{"line":26,"column":0},"end":{"line":26,"column":null}}},"fnMap":{"0":{"name":"(anonymous_0)","decl":{"start":{"line":5,"column":26},"end":{"line":5,"column":29}},"loc":{"start":{"line":5,"column":31},"end":{"line":7,"column":1}}},"1":{"name":"(anonymous_1)","decl":{"start":{"line":9,"column":31},"end":{"line":9,"column":34}},"loc":{"start":{"line":9,"column":36},"end":{"line":12,"column":1}}},"2":{"name":"(anonymous_2)","decl":{"start":{"line":14,"column":29},"end":{"line":14,"column":32}},"loc":{"start":{"line":14,"column":34},"end":{"line":16,"column":1}}},"3":{"name":"(anonymous_3)","decl":{"start":{"line":18,"column":32},"end":{"line":18,"column":35}},"loc":{"start":{"line":18,"column":37},"end":{"line":20,"column":1}}},"4":{"name":"(anonymous_4)","decl":{"start":{"line":22,"column":27},"end":{"line":22,"column":30}},"loc":{"start":{"line":22,"column":32},"end":{"line":24,"column":1}}}},"branchMap":{},"s":{"0":1,"1":1,"2":1,"3":1,"4":1,"5":1,"6":1,"7":1},"f":{"0":0,"1":0,"2":0,"3":0,"4":0},"b":{}}
,"/Users/iby/work/cookbook/src/api/routes/index.ts": {"path":"/Users/iby/work/cookbook/src/api/routes/index.ts","statementMap":{"0":{"start":{"line":1,"column":0},"end":{"line":1,"column":32}},"1":{"start":{"line":2,"column":0},"end":{"line":2,"column":43}},"2":{"start":{"line":3,"column":0},"end":{"line":3,"column":45}},"3":{"start":{"line":4,"column":0},"end":{"line":4,"column":37}},"4":{"start":{"line":5,"column":0},"end":{"line":5,"column":37}},"5":{"start":{"line":7,"column":15},"end":{"line":7,"column":23}},"6":{"start":{"line":9,"column":0},"end":{"line":9,"column":null}},"7":{"start":{"line":10,"column":0},"end":{"line":10,"column":null}},"8":{"start":{"line":11,"column":0},"end":{"line":11,"column":null}},"9":{"start":{"line":12,"column":0},"end":{"line":12,"column":null}},"10":{"start":{"line":14,"column":0},"end":{"line":14,"column":null}}},"fnMap":{},"branchMap":{},"s":{"0":1,"1":1,"2":1,"3":1,"4":1,"5":1,"6":1,"7":1,"8":1,"9":1,"10":1},"f":{},"b":{}}
,"/Users/iby/work/cookbook/src/api/routes/ingredients.ts": {"path":"/Users/iby/work/cookbook/src/api/routes/ingredients.ts","statementMap":{"0":{"start":{"line":1,"column":0},"end":{"line":1,"column":50}},"1":{"start":{"line":3,"column":0},"end":{"line":3,"column":65}},"2":{"start":{"line":6,"column":26},"end":{"line":6,"column":34}},"3":{"start":{"line":8,"column":0},"end":{"line":13,"column":null}},"4":{"start":{"line":8,"column":68},"end":{"line":13,"column":2}},"5":{"start":{"line":9,"column":15},"end":{"line":9,"column":36}},"6":{"start":{"line":11,"column":19},"end":{"line":11,"column":57}},"7":{"start":{"line":12,"column":4},"end":{"line":12,"column":null}},"8":{"start":{"line":15,"column":0},"end":{"line":21,"column":null}},"9":{"start":{"line":15,"column":68},"end":{"line":21,"column":2}},"10":{"start":{"line":16,"column":15},"end":{"line":16,"column":36}},"11":{"start":{"line":17,"column":40},"end":{"line":17,"column":48}},"12":{"start":{"line":19,"column":19},"end":{"line":19,"column":65}},"13":{"start":{"line":20,"column":4},"end":{"line":20,"column":null}},"14":{"start":{"line":23,"column":0},"end":{"line":30,"column":null}},"15":{"start":{"line":23,"column":71},"end":{"line":30,"column":2}},"16":{"start":{"line":24,"column":15},"end":{"line":24,"column":36}},"17":{"start":{"line":26,"column":19},"end":{"line":26,"column":60}},"18":{"start":{"line":27,"column":4},"end":{"line":29,"column":null}},"19":{"start":{"line":32,"column":0},"end":{"line":37,"column":null}},"20":{"start":{"line":32,"column":66},"end":{"line":37,"column":2}},"21":{"start":{"line":33,"column":40},"end":{"line":33,"column":48}},"22":{"start":{"line":35,"column":19},"end":{"line":35,"column":61}},"23":{"start":{"line":36,"column":4},"end":{"line":36,"column":null}},"24":{"start":{"line":39,"column":0},"end":{"line":44,"column":null}},"25":{"start":{"line":39,"column":65},"end":{"line":44,"column":2}},"26":{"start":{"line":40,"column":41},"end":{"line":40,"column":50}},"27":{"start":{"line":42,"column":20},"end":{"line":42,"column":62}},"28":{"start":{"line":43,"column":4},"end":{"line":43,"column":null}},"29":{"start":{"line":46,"column":0},"end":{"line":46,"column":null}}},"fnMap":{"0":{"name":"(anonymous_13)","decl":{"start":{"line":8,"column":30},"end":{"line":8,"column":37}},"loc":{"start":{"line":8,"column":68},"end":{"line":13,"column":2}}},"1":{"name":"(anonymous_14)","decl":{"start":{"line":8,"column":68},"end":{"line":8,"column":null}},"loc":{"start":{"line":8,"column":68},"end":{"line":13,"column":1}}},"2":{"name":"(anonymous_15)","decl":{"start":{"line":15,"column":30},"end":{"line":15,"column":37}},"loc":{"start":{"line":15,"column":68},"end":{"line":21,"column":2}}},"3":{"name":"(anonymous_16)","decl":{"start":{"line":15,"column":68},"end":{"line":15,"column":null}},"loc":{"start":{"line":15,"column":68},"end":{"line":21,"column":1}}},"4":{"name":"(anonymous_17)","decl":{"start":{"line":23,"column":33},"end":{"line":23,"column":40}},"loc":{"start":{"line":23,"column":71},"end":{"line":30,"column":2}}},"5":{"name":"(anonymous_18)","decl":{"start":{"line":23,"column":71},"end":{"line":23,"column":null}},"loc":{"start":{"line":23,"column":71},"end":{"line":30,"column":1}}},"6":{"name":"(anonymous_19)","decl":{"start":{"line":32,"column":28},"end":{"line":32,"column":35}},"loc":{"start":{"line":32,"column":66},"end":{"line":37,"column":2}}},"7":{"name":"(anonymous_20)","decl":{"start":{"line":32,"column":66},"end":{"line":32,"column":null}},"loc":{"start":{"line":32,"column":66},"end":{"line":37,"column":1}}},"8":{"name":"(anonymous_21)","decl":{"start":{"line":39,"column":27},"end":{"line":39,"column":34}},"loc":{"start":{"line":39,"column":65},"end":{"line":44,"column":2}}},"9":{"name":"(anonymous_22)","decl":{"start":{"line":39,"column":65},"end":{"line":39,"column":null}},"loc":{"start":{"line":39,"column":65},"end":{"line":44,"column":1}}}},"branchMap":{},"s":{"0":1,"1":1,"2":1,"3":1,"4":0,"5":0,"6":0,"7":0,"8":1,"9":0,"10":0,"11":0,"12":0,"13":0,"14":1,"15":0,"16":0,"17":0,"18":0,"19":1,"20":0,"21":0,"22":0,"23":0,"24":1,"25":0,"26":0,"27":0,"28":0,"29":1},"f":{"0":0,"1":0,"2":0,"3":0,"4":0,"5":0,"6":0,"7":0,"8":0,"9":0},"b":{}}
,"/Users/iby/work/cookbook/src/api/routes/recipes.ts": {"path":"/Users/iby/work/cookbook/src/api/routes/recipes.ts","statementMap":{"0":{"start":{"line":1,"column":0},"end":{"line":1,"column":51}},"1":{"start":{"line":4,"column":0},"end":{"line":4,"column":52}},"2":{"start":{"line":7,"column":22},"end":{"line":7,"column":30}},"3":{"start":{"line":9,"column":0},"end":{"line":15,"column":null}},"4":{"start":{"line":9,"column":61},"end":{"line":15,"column":2}},"5":{"start":{"line":10,"column":42},"end":{"line":10,"column":51}},"6":{"start":{"line":12,"column":20},"end":{"line":12,"column":52}},"7":{"start":{"line":14,"column":4},"end":{"line":14,"column":null}},"8":{"start":{"line":17,"column":0},"end":{"line":23,"column":null}},"9":{"start":{"line":17,"column":64},"end":{"line":23,"column":2}},"10":{"start":{"line":18,"column":15},"end":{"line":18,"column":36}},"11":{"start":{"line":20,"column":19},"end":{"line":20,"column":47}},"12":{"start":{"line":22,"column":4},"end":{"line":22,"column":null}},"13":{"start":{"line":25,"column":0},"end":{"line":32,"column":null}},"14":{"start":{"line":25,"column":64},"end":{"line":32,"column":2}},"15":{"start":{"line":26,"column":15},"end":{"line":26,"column":36}},"16":{"start":{"line":27,"column":37},"end":{"line":27,"column":45}},"17":{"start":{"line":29,"column":19},"end":{"line":29,"column":55}},"18":{"start":{"line":31,"column":4},"end":{"line":31,"column":null}},"19":{"start":{"line":34,"column":0},"end":{"line":42,"column":null}},"20":{"start":{"line":34,"column":67},"end":{"line":42,"column":2}},"21":{"start":{"line":35,"column":15},"end":{"line":35,"column":36}},"22":{"start":{"line":37,"column":19},"end":{"line":37,"column":50}},"23":{"start":{"line":39,"column":4},"end":{"line":41,"column":null}},"24":{"start":{"line":44,"column":0},"end":{"line":50,"column":null}},"25":{"start":{"line":44,"column":62},"end":{"line":50,"column":2}},"26":{"start":{"line":45,"column":37},"end":{"line":45,"column":45}},"27":{"start":{"line":47,"column":19},"end":{"line":47,"column":51}},"28":{"start":{"line":49,"column":4},"end":{"line":49,"column":null}},"29":{"start":{"line":68,"column":0},"end":{"line":68,"column":null}}},"fnMap":{"0":{"name":"(anonymous_13)","decl":{"start":{"line":9,"column":23},"end":{"line":9,"column":30}},"loc":{"start":{"line":9,"column":61},"end":{"line":15,"column":2}}},"1":{"name":"(anonymous_14)","decl":{"start":{"line":9,"column":61},"end":{"line":9,"column":null}},"loc":{"start":{"line":9,"column":61},"end":{"line":15,"column":1}}},"2":{"name":"(anonymous_15)","decl":{"start":{"line":17,"column":26},"end":{"line":17,"column":33}},"loc":{"start":{"line":17,"column":64},"end":{"line":23,"column":2}}},"3":{"name":"(anonymous_16)","decl":{"start":{"line":17,"column":64},"end":{"line":17,"column":null}},"loc":{"start":{"line":17,"column":64},"end":{"line":23,"column":1}}},"4":{"name":"(anonymous_17)","decl":{"start":{"line":25,"column":26},"end":{"line":25,"column":33}},"loc":{"start":{"line":25,"column":64},"end":{"line":32,"column":2}}},"5":{"name":"(anonymous_18)","decl":{"start":{"line":25,"column":64},"end":{"line":25,"column":null}},"loc":{"start":{"line":25,"column":64},"end":{"line":32,"column":1}}},"6":{"name":"(anonymous_19)","decl":{"start":{"line":34,"column":29},"end":{"line":34,"column":36}},"loc":{"start":{"line":34,"column":67},"end":{"line":42,"column":2}}},"7":{"name":"(anonymous_20)","decl":{"start":{"line":34,"column":67},"end":{"line":34,"column":null}},"loc":{"start":{"line":34,"column":67},"end":{"line":42,"column":1}}},"8":{"name":"(anonymous_21)","decl":{"start":{"line":44,"column":24},"end":{"line":44,"column":31}},"loc":{"start":{"line":44,"column":62},"end":{"line":50,"column":2}}},"9":{"name":"(anonymous_22)","decl":{"start":{"line":44,"column":62},"end":{"line":44,"column":null}},"loc":{"start":{"line":44,"column":62},"end":{"line":50,"column":1}}}},"branchMap":{},"s":{"0":1,"1":1,"2":1,"3":1,"4":1,"5":1,"6":1,"7":1,"8":1,"9":1,"10":1,"11":1,"12":1,"13":1,"14":0,"15":0,"16":0,"17":0,"18":0,"19":1,"20":0,"21":0,"22":0,"23":0,"24":1,"25":0,"26":0,"27":0,"28":0,"29":1},"f":{"0":1,"1":1,"2":1,"3":1,"4":0,"5":0,"6":0,"7":0,"8":0,"9":0},"b":{}}
,"/Users/iby/work/cookbook/src/api/routes/reviews.ts": {"path":"/Users/iby/work/cookbook/src/api/routes/reviews.ts","statementMap":{"0":{"start":{"line":1,"column":0},"end":{"line":1,"column":32}},"1":{"start":{"line":3,"column":22},"end":{"line":3,"column":30}},"2":{"start":{"line":5,"column":0},"end":{"line":7,"column":null}},"3":{"start":{"line":9,"column":0},"end":{"line":11,"column":null}},"4":{"start":{"line":13,"column":0},"end":{"line":15,"column":null}},"5":{"start":{"line":17,"column":0},"end":{"line":19,"column":null}},"6":{"start":{"line":21,"column":0},"end":{"line":23,"column":null}},"7":{"start":{"line":25,"column":0},"end":{"line":27,"column":null}},"8":{"start":{"line":29,"column":0},"end":{"line":31,"column":null}},"9":{"start":{"line":33,"column":0},"end":{"line":33,"column":null}}},"fnMap":{"0":{"name":"(anonymous_0)","decl":{"start":{"line":5,"column":23},"end":{"line":5,"column":26}},"loc":{"start":{"line":5,"column":28},"end":{"line":7,"column":1}}},"1":{"name":"(anonymous_1)","decl":{"start":{"line":9,"column":24},"end":{"line":9,"column":27}},"loc":{"start":{"line":9,"column":29},"end":{"line":11,"column":1}}},"2":{"name":"(anonymous_2)","decl":{"start":{"line":13,"column":28},"end":{"line":13,"column":31}},"loc":{"start":{"line":13,"column":33},"end":{"line":15,"column":1}}},"3":{"name":"(anonymous_3)","decl":{"start":{"line":17,"column":26},"end":{"line":17,"column":29}},"loc":{"start":{"line":17,"column":31},"end":{"line":19,"column":1}}},"4":{"name":"(anonymous_4)","decl":{"start":{"line":21,"column":29},"end":{"line":21,"column":32}},"loc":{"start":{"line":21,"column":34},"end":{"line":23,"column":1}}},"5":{"name":"(anonymous_5)","decl":{"start":{"line":25,"column":35},"end":{"line":25,"column":38}},"loc":{"start":{"line":25,"column":40},"end":{"line":27,"column":1}}},"6":{"name":"(anonymous_6)","decl":{"start":{"line":29,"column":37},"end":{"line":29,"column":40}},"loc":{"start":{"line":29,"column":42},"end":{"line":31,"column":1}}}},"branchMap":{},"s":{"0":1,"1":1,"2":1,"3":1,"4":1,"5":1,"6":1,"7":1,"8":1,"9":1},"f":{"0":0,"1":0,"2":0,"3":0,"4":0,"5":0,"6":0},"b":{}}
,"/Users/iby/work/cookbook/src/db/config.ts": {"path":"/Users/iby/work/cookbook/src/db/config.ts","statementMap":{"0":{"start":{"line":1,"column":0},"end":{"line":1,"column":null}},"1":{"start":{"line":2,"column":0},"end":{"line":2,"column":46}},"2":{"start":{"line":4,"column":0},"end":{"line":4,"column":null}},"3":{"start":{"line":6,"column":15},"end":{"line":6,"column":46}},"4":{"start":{"line":8,"column":15},"end":{"line":8,"column":90}},"5":{"start":{"line":9,"column":15},"end":{"line":9,"column":44}},"6":{"start":{"line":10,"column":15},"end":{"line":10,"column":34}},"7":{"start":{"line":11,"column":17},"end":{"line":11,"column":49}},"8":{"start":{"line":12,"column":19},"end":{"line":12,"column":42}},"9":{"start":{"line":15,"column":28},"end":{"line":19,"column":2}},"10":{"start":{"line":21,"column":0},"end":{"line":21,"column":null}}},"fnMap":{},"branchMap":{"0":{"loc":{"start":{"line":8,"column":24},"end":{"line":8,"column":58}},"type":"cond-expr","locations":[{"start":{"line":8,"column":24},"end":{"line":8,"column":58}},{"start":{"line":8,"column":61},"end":{"line":8,"column":90}}]}},"s":{"0":2,"1":2,"2":2,"3":2,"4":2,"5":2,"6":2,"7":2,"8":2,"9":2,"10":2},"f":{},"b":{"0":[2,0]}}
,"/Users/iby/work/cookbook/src/db/init.ts": {"path":"/Users/iby/work/cookbook/src/db/init.ts","statementMap":{"0":{"start":{"line":1,"column":0},"end":{"line":1,"column":null}},"1":{"start":{"line":3,"column":0},"end":{"line":3,"column":87}},"2":{"start":{"line":5,"column":14},"end":{"line":5,"column":52}},"3":{"start":{"line":6,"column":15},"end":{"line":6,"column":46}},"4":{"start":{"line":8,"column":15},"end":{"line":15,"column":4}},"5":{"start":{"line":8,"column":21},"end":{"line":15,"column":4}},"6":{"start":{"line":17,"column":0},"end":{"line":17,"column":null}}},"fnMap":{"0":{"name":"(anonymous_0)","decl":{"start":{"line":8,"column":15},"end":{"line":8,"column":18}},"loc":{"start":{"line":8,"column":21},"end":{"line":15,"column":4}}}},"branchMap":{"0":{"loc":{"start":{"line":9,"column":22},"end":{"line":9,"column":27}},"type":"binary-expr","locations":[{"start":{"line":9,"column":22},"end":{"line":9,"column":27}},{"start":{"line":9,"column":31},"end":{"line":9,"column":37}}]},"1":{"loc":{"start":{"line":10,"column":29},"end":{"line":10,"column":34}},"type":"binary-expr","locations":[{"start":{"line":10,"column":29},"end":{"line":10,"column":34}},{"start":{"line":10,"column":38},"end":{"line":10,"column":44}}]},"2":{"loc":{"start":{"line":11,"column":25},"end":{"line":11,"column":30}},"type":"binary-expr","locations":[{"start":{"line":11,"column":25},"end":{"line":11,"column":30}},{"start":{"line":11,"column":34},"end":{"line":11,"column":40}}]},"3":{"loc":{"start":{"line":12,"column":25},"end":{"line":12,"column":30}},"type":"binary-expr","locations":[{"start":{"line":12,"column":25},"end":{"line":12,"column":30}},{"start":{"line":12,"column":34},"end":{"line":12,"column":40}}]},"4":{"loc":{"start":{"line":13,"column":28},"end":{"line":13,"column":33}},"type":"binary-expr","locations":[{"start":{"line":13,"column":28},"end":{"line":13,"column":33}},{"start":{"line":13,"column":37},"end":{"line":13,"column":43}}]},"5":{"loc":{"start":{"line":14,"column":35},"end":{"line":14,"column":40}},"type":"binary-expr","locations":[{"start":{"line":14,"column":35},"end":{"line":14,"column":40}},{"start":{"line":14,"column":44},"end":{"line":14,"column":50}}]}},"s":{"0":1,"1":1,"2":1,"3":1,"4":1,"5":1,"6":1},"f":{"0":1},"b":{"0":[1,1],"1":[1,1],"2":[1,1],"3":[1,1],"4":[1,1],"5":[1,1]}}
,"/Users/iby/work/cookbook/src/db/dal/ingredient.ts": {"path":"/Users/iby/work/cookbook/src/db/dal/ingredient.ts","statementMap":{"0":{"start":{"line":1,"column":0},"end":{"line":1,"column":28}},"1":{"start":{"line":2,"column":0},"end":{"line":2,"column":30}},"2":{"start":{"line":4,"column":0},"end":{"line":4,"column":36}},"3":{"start":{"line":8,"column":22},"end":{"line":12,"column":null}},"4":{"start":{"line":8,"column":83},"end":{"line":12,"column":null}},"5":{"start":{"line":9,"column":23},"end":{"line":9,"column":55}},"6":{"start":{"line":11,"column":4},"end":{"line":11,"column":null}},"7":{"start":{"line":8,"column":13},"end":{"line":8,"column":22}},"8":{"start":{"line":14,"column":28},"end":{"line":23,"column":null}},"9":{"start":{"line":14,"column":89},"end":{"line":23,"column":null}},"10":{"start":{"line":15,"column":25},"end":{"line":20,"column":6}},"11":{"start":{"line":22,"column":4},"end":{"line":22,"column":null}},"12":{"start":{"line":14,"column":13},"end":{"line":14,"column":28}},"13":{"start":{"line":25,"column":22},"end":{"line":35,"column":null}},"14":{"start":{"line":25,"column":104},"end":{"line":35,"column":null}},"15":{"start":{"line":26,"column":23},"end":{"line":26,"column":52}},"16":{"start":{"line":28,"column":4},"end":{"line":31,"column":null}},"17":{"start":{"line":30,"column":8},"end":{"line":30,"column":null}},"18":{"start":{"line":33,"column":30},"end":{"line":33,"column":62}},"19":{"start":{"line":34,"column":4},"end":{"line":34,"column":null}},"20":{"start":{"line":25,"column":13},"end":{"line":25,"column":22}},"21":{"start":{"line":37,"column":23},"end":{"line":46,"column":null}},"22":{"start":{"line":37,"column":70},"end":{"line":46,"column":null}},"23":{"start":{"line":38,"column":23},"end":{"line":38,"column":52}},"24":{"start":{"line":40,"column":4},"end":{"line":43,"column":null}},"25":{"start":{"line":42,"column":8},"end":{"line":42,"column":null}},"26":{"start":{"line":45,"column":4},"end":{"line":45,"column":null}},"27":{"start":{"line":37,"column":13},"end":{"line":37,"column":23}},"28":{"start":{"line":48,"column":26},"end":{"line":54,"column":null}},"29":{"start":{"line":48,"column":65},"end":{"line":54,"column":null}},"30":{"start":{"line":49,"column":35},"end":{"line":51,"column":6}},"31":{"start":{"line":53,"column":4},"end":{"line":53,"column":null}},"32":{"start":{"line":48,"column":13},"end":{"line":48,"column":26}},"33":{"start":{"line":56,"column":22},"end":{"line":63,"column":null}},"34":{"start":{"line":56,"column":95},"end":{"line":63,"column":null}},"35":{"start":{"line":57,"column":4},"end":{"line":62,"column":null}},"36":{"start":{"line":56,"column":13},"end":{"line":56,"column":22}},"37":{"start":{"line":65,"column":31},"end":{"line":73,"column":null}},"38":{"start":{"line":65,"column":72},"end":{"line":73,"column":null}},"39":{"start":{"line":66,"column":31},"end":{"line":70,"column":6}},"40":{"start":{"line":72,"column":4},"end":{"line":72,"column":null}},"41":{"start":{"line":65,"column":13},"end":{"line":65,"column":31}}},"fnMap":{"0":{"name":"(anonymous_7)","decl":{"start":{"line":8,"column":22},"end":{"line":8,"column":29}},"loc":{"start":{"line":8,"column":83},"end":{"line":12,"column":null}}},"1":{"name":"(anonymous_8)","decl":{"start":{"line":8,"column":83},"end":{"line":8,"column":null}},"loc":{"start":{"line":8,"column":83},"end":{"line":12,"column":1}}},"2":{"name":"(anonymous_9)","decl":{"start":{"line":14,"column":28},"end":{"line":14,"column":35}},"loc":{"start":{"line":14,"column":89},"end":{"line":23,"column":null}}},"3":{"name":"(anonymous_10)","decl":{"start":{"line":14,"column":89},"end":{"line":14,"column":null}},"loc":{"start":{"line":14,"column":89},"end":{"line":23,"column":1}}},"4":{"name":"(anonymous_11)","decl":{"start":{"line":25,"column":22},"end":{"line":25,"column":29}},"loc":{"start":{"line":25,"column":104},"end":{"line":35,"column":null}}},"5":{"name":"(anonymous_12)","decl":{"start":{"line":25,"column":104},"end":{"line":25,"column":null}},"loc":{"start":{"line":25,"column":104},"end":{"line":35,"column":1}}},"6":{"name":"(anonymous_13)","decl":{"start":{"line":37,"column":23},"end":{"line":37,"column":30}},"loc":{"start":{"line":37,"column":70},"end":{"line":46,"column":null}}},"7":{"name":"(anonymous_14)","decl":{"start":{"line":37,"column":70},"end":{"line":37,"column":null}},"loc":{"start":{"line":37,"column":70},"end":{"line":46,"column":1}}},"8":{"name":"(anonymous_15)","decl":{"start":{"line":48,"column":26},"end":{"line":48,"column":33}},"loc":{"start":{"line":48,"column":65},"end":{"line":54,"column":null}}},"9":{"name":"(anonymous_16)","decl":{"start":{"line":48,"column":65},"end":{"line":48,"column":null}},"loc":{"start":{"line":48,"column":65},"end":{"line":54,"column":1}}},"10":{"name":"(anonymous_17)","decl":{"start":{"line":56,"column":22},"end":{"line":56,"column":29}},"loc":{"start":{"line":56,"column":95},"end":{"line":63,"column":null}}},"11":{"name":"(anonymous_18)","decl":{"start":{"line":56,"column":95},"end":{"line":56,"column":null}},"loc":{"start":{"line":56,"column":95},"end":{"line":63,"column":1}}},"12":{"name":"(anonymous_19)","decl":{"start":{"line":65,"column":31},"end":{"line":65,"column":38}},"loc":{"start":{"line":65,"column":72},"end":{"line":73,"column":null}}},"13":{"name":"(anonymous_20)","decl":{"start":{"line":65,"column":72},"end":{"line":65,"column":null}},"loc":{"start":{"line":65,"column":72},"end":{"line":73,"column":1}}}},"branchMap":{"0":{"loc":{"start":{"line":28,"column":4},"end":{"line":31,"column":null}},"type":"if","locations":[{"start":{"line":28,"column":4},"end":{"line":31,"column":null}},{"start":{"line":28,"column":4},"end":{"line":31,"column":null}}]},"1":{"loc":{"start":{"line":40,"column":4},"end":{"line":43,"column":null}},"type":"if","locations":[{"start":{"line":40,"column":4},"end":{"line":43,"column":null}},{"start":{"line":40,"column":4},"end":{"line":43,"column":null}}]},"2":{"loc":{"start":{"line":59,"column":16},"end":{"line":59,"column":34}},"type":"binary-expr","locations":[{"start":{"line":59,"column":16},"end":{"line":59,"column":34}},{"start":{"line":59,"column":38},"end":{"line":59,"column":67}}]},"3":{"loc":{"start":{"line":59,"column":23},"end":{"line":59,"column":25}},"type":"cond-expr","locations":[{"start":{"line":59,"column":23},"end":{"line":59,"column":25}},{"start":{"line":59,"column":16},"end":{"line":59,"column":34}}]},"4":{"loc":{"start":{"line":59,"column":16},"end":{"line":59,"column":25}},"type":"binary-expr","locations":[{"start":{"line":59,"column":16},"end":{"line":59,"column":25}},{"start":{"line":59,"column":16},"end":{"line":59,"column":25}}]},"5":{"loc":{"start":{"line":61,"column":13},"end":{"line":61,"column":31}},"type":"binary-expr","locations":[{"start":{"line":61,"column":13},"end":{"line":61,"column":31}},{"start":{"line":61,"column":35},"end":{"line":61,"column":58}},{"start":{"line":61,"column":63},"end":{"line":61,"column":79}}]},"6":{"loc":{"start":{"line":61,"column":20},"end":{"line":61,"column":22}},"type":"cond-expr","locations":[{"start":{"line":61,"column":20},"end":{"line":61,"column":22}},{"start":{"line":61,"column":13},"end":{"line":61,"column":31}}]},"7":{"loc":{"start":{"line":61,"column":13},"end":{"line":61,"column":22}},"type":"binary-expr","locations":[{"start":{"line":61,"column":13},"end":{"line":61,"column":22}},{"start":{"line":61,"column":13},"end":{"line":61,"column":22}}]},"8":{"loc":{"start":{"line":61,"column":42},"end":{"line":61,"column":44}},"type":"cond-expr","locations":[{"start":{"line":61,"column":42},"end":{"line":61,"column":44}},{"start":{"line":61,"column":35},"end":{"line":61,"column":58}}]},"9":{"loc":{"start":{"line":61,"column":35},"end":{"line":61,"column":44}},"type":"binary-expr","locations":[{"start":{"line":61,"column":35},"end":{"line":61,"column":44}},{"start":{"line":61,"column":35},"end":{"line":61,"column":44}}]}},"s":{"0":2,"1":2,"2":2,"3":2,"4":1,"5":1,"6":1,"7":2,"8":2,"9":2,"10":2,"11":2,"12":2,"13":2,"14":1,"15":1,"16":1,"17":0,"18":1,"19":1,"20":2,"21":2,"22":0,"23":0,"24":0,"25":0,"26":0,"27":2,"28":2,"29":0,"30":0,"31":0,"32":2,"33":2,"34":0,"35":0,"36":2,"37":2,"38":0,"39":0,"40":0,"41":2},"f":{"0":1,"1":1,"2":2,"3":2,"4":1,"5":1,"6":0,"7":0,"8":0,"9":0,"10":0,"11":0,"12":0,"13":0},"b":{"0":[0,1],"1":[0,0],"2":[0,0],"3":[0,0],"4":[0,0],"5":[0,0,0],"6":[0,0],"7":[0,0],"8":[0,0],"9":[0,0]}}
,"/Users/iby/work/cookbook/src/db/dal/recipe.ts": {"path":"/Users/iby/work/cookbook/src/db/dal/recipe.ts","statementMap":{"0":{"start":{"line":1,"column":0},"end":{"line":1,"column":32}},"1":{"start":{"line":2,"column":0},"end":{"line":2,"column":30}},"2":{"start":{"line":4,"column":0},"end":{"line":4,"column":32}},"3":{"start":{"line":8,"column":22},"end":{"line":10,"column":1}},"4":{"start":{"line":9,"column":4},"end":{"line":9,"column":null}},"5":{"start":{"line":8,"column":13},"end":{"line":8,"column":22}},"6":{"start":{"line":12,"column":22},"end":{"line":21,"column":null}},"7":{"start":{"line":12,"column":97},"end":{"line":21,"column":null}},"8":{"start":{"line":13,"column":19},"end":{"line":13,"column":44}},"9":{"start":{"line":15,"column":4},"end":{"line":18,"column":null}},"10":{"start":{"line":17,"column":8},"end":{"line":17,"column":null}},"11":{"start":{"line":20,"column":4},"end":{"line":20,"column":null}},"12":{"start":{"line":12,"column":13},"end":{"line":12,"column":22}},"13":{"start":{"line":23,"column":23},"end":{"line":32,"column":null}},"14":{"start":{"line":23,"column":67},"end":{"line":32,"column":null}},"15":{"start":{"line":24,"column":19},"end":{"line":24,"column":44}},"16":{"start":{"line":26,"column":4},"end":{"line":29,"column":null}},"17":{"start":{"line":28,"column":8},"end":{"line":28,"column":null}},"18":{"start":{"line":31,"column":4},"end":{"line":31,"column":null}},"19":{"start":{"line":23,"column":13},"end":{"line":23,"column":23}},"20":{"start":{"line":34,"column":26},"end":{"line":40,"column":null}},"21":{"start":{"line":34,"column":65},"end":{"line":40,"column":null}},"22":{"start":{"line":35,"column":30},"end":{"line":37,"column":6}},"23":{"start":{"line":39,"column":4},"end":{"line":39,"column":null}},"24":{"start":{"line":34,"column":13},"end":{"line":34,"column":26}},"25":{"start":{"line":42,"column":22},"end":{"line":49,"column":null}},"26":{"start":{"line":42,"column":87},"end":{"line":49,"column":null}},"27":{"start":{"line":43,"column":4},"end":{"line":48,"column":null}},"28":{"start":{"line":42,"column":13},"end":{"line":42,"column":22}},"29":{"start":{"line":51,"column":31},"end":{"line":57,"column":null}},"30":{"start":{"line":51,"column":72},"end":{"line":57,"column":null}},"31":{"start":{"line":52,"column":27},"end":{"line":54,"column":6}},"32":{"start":{"line":56,"column":4},"end":{"line":56,"column":null}},"33":{"start":{"line":51,"column":13},"end":{"line":51,"column":31}}},"fnMap":{"0":{"name":"(anonymous_7)","decl":{"start":{"line":8,"column":22},"end":{"line":8,"column":23}},"loc":{"start":{"line":8,"column":70},"end":{"line":10,"column":1}}},"1":{"name":"(anonymous_8)","decl":{"start":{"line":12,"column":22},"end":{"line":12,"column":29}},"loc":{"start":{"line":12,"column":97},"end":{"line":21,"column":null}}},"2":{"name":"(anonymous_9)","decl":{"start":{"line":12,"column":97},"end":{"line":12,"column":null}},"loc":{"start":{"line":12,"column":97},"end":{"line":21,"column":1}}},"3":{"name":"(anonymous_10)","decl":{"start":{"line":23,"column":23},"end":{"line":23,"column":30}},"loc":{"start":{"line":23,"column":67},"end":{"line":32,"column":null}}},"4":{"name":"(anonymous_11)","decl":{"start":{"line":23,"column":67},"end":{"line":23,"column":null}},"loc":{"start":{"line":23,"column":67},"end":{"line":32,"column":1}}},"5":{"name":"(anonymous_12)","decl":{"start":{"line":34,"column":26},"end":{"line":34,"column":33}},"loc":{"start":{"line":34,"column":65},"end":{"line":40,"column":null}}},"6":{"name":"(anonymous_13)","decl":{"start":{"line":34,"column":65},"end":{"line":34,"column":null}},"loc":{"start":{"line":34,"column":65},"end":{"line":40,"column":1}}},"7":{"name":"(anonymous_14)","decl":{"start":{"line":42,"column":22},"end":{"line":42,"column":29}},"loc":{"start":{"line":42,"column":87},"end":{"line":49,"column":null}}},"8":{"name":"(anonymous_15)","decl":{"start":{"line":42,"column":87},"end":{"line":42,"column":null}},"loc":{"start":{"line":42,"column":87},"end":{"line":49,"column":1}}},"9":{"name":"(anonymous_16)","decl":{"start":{"line":51,"column":31},"end":{"line":51,"column":38}},"loc":{"start":{"line":51,"column":72},"end":{"line":57,"column":null}}},"10":{"name":"(anonymous_17)","decl":{"start":{"line":51,"column":72},"end":{"line":51,"column":null}},"loc":{"start":{"line":51,"column":72},"end":{"line":57,"column":1}}}},"branchMap":{"0":{"loc":{"start":{"line":15,"column":4},"end":{"line":18,"column":null}},"type":"if","locations":[{"start":{"line":15,"column":4},"end":{"line":18,"column":null}},{"start":{"line":15,"column":4},"end":{"line":18,"column":null}}]},"1":{"loc":{"start":{"line":26,"column":4},"end":{"line":29,"column":null}},"type":"if","locations":[{"start":{"line":26,"column":4},"end":{"line":29,"column":null}},{"start":{"line":26,"column":4},"end":{"line":29,"column":null}}]},"2":{"loc":{"start":{"line":45,"column":16},"end":{"line":45,"column":34}},"type":"binary-expr","locations":[{"start":{"line":45,"column":16},"end":{"line":45,"column":34}},{"start":{"line":45,"column":38},"end":{"line":45,"column":67}}]},"3":{"loc":{"start":{"line":45,"column":23},"end":{"line":45,"column":25}},"type":"cond-expr","locations":[{"start":{"line":45,"column":23},"end":{"line":45,"column":25}},{"start":{"line":45,"column":16},"end":{"line":45,"column":34}}]},"4":{"loc":{"start":{"line":45,"column":16},"end":{"line":45,"column":25}},"type":"binary-expr","locations":[{"start":{"line":45,"column":16},"end":{"line":45,"column":25}},{"start":{"line":45,"column":16},"end":{"line":45,"column":25}}]},"5":{"loc":{"start":{"line":47,"column":13},"end":{"line":47,"column":31}},"type":"binary-expr","locations":[{"start":{"line":47,"column":13},"end":{"line":47,"column":31}},{"start":{"line":47,"column":35},"end":{"line":47,"column":58}},{"start":{"line":47,"column":63},"end":{"line":47,"column":79}}]},"6":{"loc":{"start":{"line":47,"column":20},"end":{"line":47,"column":22}},"type":"cond-expr","locations":[{"start":{"line":47,"column":20},"end":{"line":47,"column":22}},{"start":{"line":47,"column":13},"end":{"line":47,"column":31}}]},"7":{"loc":{"start":{"line":47,"column":13},"end":{"line":47,"column":22}},"type":"binary-expr","locations":[{"start":{"line":47,"column":13},"end":{"line":47,"column":22}},{"start":{"line":47,"column":13},"end":{"line":47,"column":22}}]},"8":{"loc":{"start":{"line":47,"column":42},"end":{"line":47,"column":44}},"type":"cond-expr","locations":[{"start":{"line":47,"column":42},"end":{"line":47,"column":44}},{"start":{"line":47,"column":35},"end":{"line":47,"column":58}}]},"9":{"loc":{"start":{"line":47,"column":35},"end":{"line":47,"column":44}},"type":"binary-expr","locations":[{"start":{"line":47,"column":35},"end":{"line":47,"column":44}},{"start":{"line":47,"column":35},"end":{"line":47,"column":44}}]}},"s":{"0":1,"1":1,"2":1,"3":1,"4":0,"5":1,"6":1,"7":0,"8":0,"9":0,"10":0,"11":0,"12":1,"13":1,"14":1,"15":1,"16":1,"17":0,"18":1,"19":1,"20":1,"21":0,"22":0,"23":0,"24":1,"25":1,"26":1,"27":1,"28":1,"29":1,"30":0,"31":0,"32":0,"33":1},"f":{"0":0,"1":0,"2":0,"3":1,"4":1,"5":0,"6":0,"7":1,"8":1,"9":0,"10":0},"b":{"0":[0,0],"1":[0,1],"2":[1,0],"3":[0,1],"4":[1,1],"5":[1,1,0],"6":[0,1],"7":[1,1],"8":[0,1],"9":[1,1]}}
,"/Users/iby/work/cookbook/src/db/models/Ingredient.ts": {"path":"/Users/iby/work/cookbook/src/db/models/Ingredient.ts","statementMap":{"0":{"start":{"line":1,"column":0},"end":{"line":1,"column":67}},"1":{"start":{"line":2,"column":0},"end":{"line":2,"column":43}},"2":{"start":{"line":32,"column":0},"end":{"line":56,"column":null}},"3":{"start":{"line":58,"column":0},"end":{"line":58,"column":null}}},"fnMap":{},"branchMap":{},"s":{"0":2,"1":2,"2":2,"3":2},"f":{},"b":{}}
,"/Users/iby/work/cookbook/src/db/models/Recipe.ts": {"path":"/Users/iby/work/cookbook/src/db/models/Recipe.ts","statementMap":{"0":{"start":{"line":1,"column":0},"end":{"line":1,"column":54}},"1":{"start":{"line":2,"column":0},"end":{"line":2,"column":43}},"2":{"start":{"line":40,"column":0},"end":{"line":67,"column":null}},"3":{"start":{"line":69,"column":0},"end":{"line":69,"column":null}}},"fnMap":{},"branchMap":{},"s":{"0":2,"1":2,"2":2,"3":2},"f":{},"b":{}}
,"/Users/iby/work/cookbook/src/db/models/RecipeIngredient.ts": {"path":"/Users/iby/work/cookbook/src/db/models/RecipeIngredient.ts","statementMap":{"0":{"start":{"line":1,"column":0},"end":{"line":1,"column":54}},"1":{"start":{"line":2,"column":0},"end":{"line":2,"column":43}},"2":{"start":{"line":4,"column":0},"end":{"line":4,"column":38}},"3":{"start":{"line":29,"column":0},"end":{"line":51,"column":null}},"4":{"start":{"line":53,"column":0},"end":{"line":55,"column":null}},"5":{"start":{"line":56,"column":0},"end":{"line":58,"column":null}},"6":{"start":{"line":60,"column":0},"end":{"line":60,"column":null}}},"fnMap":{},"branchMap":{},"s":{"0":2,"1":2,"2":2,"3":2,"4":2,"5":2,"6":2},"f":{},"b":{}}
,"/Users/iby/work/cookbook/src/db/models/RecipeTag.ts": {"path":"/Users/iby/work/cookbook/src/db/models/RecipeTag.ts","statementMap":{"0":{"start":{"line":1,"column":0},"end":{"line":1,"column":54}},"1":{"start":{"line":2,"column":0},"end":{"line":2,"column":43}},"2":{"start":{"line":4,"column":0},"end":{"line":4,"column":37}},"3":{"start":{"line":30,"column":0},"end":{"line":52,"column":null}},"4":{"start":{"line":54,"column":0},"end":{"line":56,"column":null}},"5":{"start":{"line":57,"column":0},"end":{"line":59,"column":null}},"6":{"start":{"line":61,"column":0},"end":{"line":61,"column":null}}},"fnMap":{},"branchMap":{},"s":{"0":2,"1":2,"2":2,"3":2,"4":2,"5":2,"6":2},"f":{},"b":{}}
,"/Users/iby/work/cookbook/src/db/models/Review.ts": {"path":"/Users/iby/work/cookbook/src/db/models/Review.ts","statementMap":{"0":{"start":{"line":1,"column":0},"end":{"line":1,"column":54}},"1":{"start":{"line":2,"column":0},"end":{"line":2,"column":43}},"2":{"start":{"line":3,"column":0},"end":{"line":3,"column":29}},"3":{"start":{"line":37,"column":0},"end":{"line":69,"column":null}},"4":{"start":{"line":71,"column":0},"end":{"line":75,"column":null}},"5":{"start":{"line":77,"column":0},"end":{"line":77,"column":null}}},"fnMap":{},"branchMap":{},"s":{"0":2,"1":2,"2":2,"3":2,"4":2,"5":2},"f":{},"b":{}}
,"/Users/iby/work/cookbook/src/db/models/Tag.ts": {"path":"/Users/iby/work/cookbook/src/db/models/Tag.ts","statementMap":{"0":{"start":{"line":1,"column":0},"end":{"line":1,"column":54}},"1":{"start":{"line":2,"column":0},"end":{"line":2,"column":44}},"2":{"start":{"line":28,"column":0},"end":{"line":46,"column":null}},"3":{"start":{"line":48,"column":0},"end":{"line":48,"column":null}}},"fnMap":{},"branchMap":{},"s":{"0":2,"1":2,"2":2,"3":2},"f":{},"b":{}}
,"/Users/iby/work/cookbook/src/db/models/index.ts": {"path":"/Users/iby/work/cookbook/src/db/models/index.ts","statementMap":{"0":{"start":{"line":1,"column":0},"end":{"line":1,"column":7}},"1":{"start":{"line":9,"column":2},"end":{"line":1,"column":23}},"2":{"start":{"line":2,"column":0},"end":{"line":2,"column":7}},"3":{"start":{"line":10,"column":2},"end":{"line":2,"column":29}},"4":{"start":{"line":3,"column":0},"end":{"line":3,"column":7}},"5":{"start":{"line":11,"column":2},"end":{"line":3,"column":37}},"6":{"start":{"line":4,"column":0},"end":{"line":4,"column":7}},"7":{"start":{"line":12,"column":2},"end":{"line":4,"column":29}},"8":{"start":{"line":5,"column":0},"end":{"line":5,"column":7}},"9":{"start":{"line":13,"column":2},"end":{"line":5,"column":35}},"10":{"start":{"line":6,"column":0},"end":{"line":6,"column":7}},"11":{"start":{"line":14,"column":2},"end":{"line":6,"column":49}}},"fnMap":{},"branchMap":{},"s":{"0":2,"1":2,"2":2,"3":2,"4":2,"5":2,"6":2,"7":2,"8":2,"9":2,"10":2,"11":2},"f":{},"b":{}}
,"/Users/iby/work/cookbook/src/db/services/IngredientService.ts": {"path":"/Users/iby/work/cookbook/src/db/services/IngredientService.ts","statementMap":{"0":{"start":{"line":1,"column":0},"end":{"line":1,"column":32}},"1":{"start":{"line":3,"column":0},"end":{"line":3,"column":50}},"2":{"start":{"line":7,"column":22},"end":{"line":14,"column":null}},"3":{"start":{"line":7,"column":83},"end":{"line":14,"column":null}},"4":{"start":{"line":8,"column":15},"end":{"line":8,"column":38}},"5":{"start":{"line":9,"column":23},"end":{"line":9,"column":64}},"6":{"start":{"line":11,"column":4},"end":{"line":11,"column":null}},"7":{"start":{"line":13,"column":4},"end":{"line":13,"column":null}},"8":{"start":{"line":7,"column":13},"end":{"line":7,"column":22}},"9":{"start":{"line":16,"column":22},"end":{"line":25,"column":null}},"10":{"start":{"line":16,"column":104},"end":{"line":25,"column":null}},"11":{"start":{"line":17,"column":4},"end":{"line":22,"column":null}},"12":{"start":{"line":18,"column":19},"end":{"line":18,"column":42}},"13":{"start":{"line":19,"column":27},"end":{"line":19,"column":68}},"14":{"start":{"line":21,"column":8},"end":{"line":21,"column":null}},"15":{"start":{"line":24,"column":4},"end":{"line":24,"column":null}},"16":{"start":{"line":16,"column":13},"end":{"line":16,"column":22}},"17":{"start":{"line":27,"column":23},"end":{"line":29,"column":1}},"18":{"start":{"line":28,"column":4},"end":{"line":28,"column":null}},"19":{"start":{"line":27,"column":13},"end":{"line":27,"column":23}},"20":{"start":{"line":31,"column":26},"end":{"line":33,"column":1}},"21":{"start":{"line":32,"column":4},"end":{"line":32,"column":null}},"22":{"start":{"line":31,"column":13},"end":{"line":31,"column":26}},"23":{"start":{"line":35,"column":22},"end":{"line":37,"column":1}},"24":{"start":{"line":36,"column":4},"end":{"line":36,"column":null}},"25":{"start":{"line":35,"column":13},"end":{"line":35,"column":22}}},"fnMap":{"0":{"name":"(anonymous_13)","decl":{"start":{"line":7,"column":22},"end":{"line":7,"column":29}},"loc":{"start":{"line":7,"column":83},"end":{"line":14,"column":null}}},"1":{"name":"(anonymous_14)","decl":{"start":{"line":7,"column":83},"end":{"line":7,"column":null}},"loc":{"start":{"line":7,"column":83},"end":{"line":14,"column":1}}},"2":{"name":"(anonymous_15)","decl":{"start":{"line":16,"column":22},"end":{"line":16,"column":29}},"loc":{"start":{"line":16,"column":104},"end":{"line":25,"column":null}}},"3":{"name":"(anonymous_16)","decl":{"start":{"line":16,"column":104},"end":{"line":16,"column":null}},"loc":{"start":{"line":16,"column":104},"end":{"line":25,"column":1}}},"4":{"name":"(anonymous_17)","decl":{"start":{"line":27,"column":23},"end":{"line":27,"column":24}},"loc":{"start":{"line":27,"column":64},"end":{"line":29,"column":1}}},"5":{"name":"(anonymous_18)","decl":{"start":{"line":31,"column":26},"end":{"line":31,"column":27}},"loc":{"start":{"line":31,"column":59},"end":{"line":33,"column":1}}},"6":{"name":"(anonymous_19)","decl":{"start":{"line":35,"column":22},"end":{"line":35,"column":23}},"loc":{"start":{"line":35,"column":88},"end":{"line":37,"column":1}}}},"branchMap":{"0":{"loc":{"start":{"line":11,"column":32},"end":{"line":11,"column":77}},"type":"cond-expr","locations":[{"start":{"line":11,"column":32},"end":{"line":11,"column":77}},{"start":{"line":11,"column":80},"end":{"line":11,"column":84}}]},"1":{"loc":{"start":{"line":17,"column":4},"end":{"line":22,"column":null}},"type":"if","locations":[{"start":{"line":17,"column":4},"end":{"line":22,"column":null}},{"start":{"line":17,"column":4},"end":{"line":22,"column":null}}]},"2":{"loc":{"start":{"line":21,"column":36},"end":{"line":21,"column":81}},"type":"cond-expr","locations":[{"start":{"line":21,"column":36},"end":{"line":21,"column":81}},{"start":{"line":21,"column":84},"end":{"line":21,"column":88}}]}},"s":{"0":1,"1":1,"2":1,"3":0,"4":0,"5":0,"6":0,"7":0,"8":1,"9":1,"10":0,"11":0,"12":0,"13":0,"14":0,"15":0,"16":1,"17":1,"18":0,"19":1,"20":1,"21":0,"22":1,"23":1,"24":0,"25":1},"f":{"0":0,"1":0,"2":0,"3":0,"4":0,"5":0,"6":0},"b":{"0":[0,0],"1":[0,0],"2":[0,0]}}
,"/Users/iby/work/cookbook/src/db/services/RecipeService.ts": {"path":"/Users/iby/work/cookbook/src/db/services/RecipeService.ts","statementMap":{"0":{"start":{"line":1,"column":0},"end":{"line":1,"column":39}},"1":{"start":{"line":3,"column":0},"end":{"line":3,"column":42}},"2":{"start":{"line":4,"column":0},"end":{"line":4,"column":50}},"3":{"start":{"line":9,"column":22},"end":{"line":22,"column":null}},"4":{"start":{"line":9,"column":76},"end":{"line":22,"column":null}},"5":{"start":{"line":10,"column":15},"end":{"line":10,"column":39}},"6":{"start":{"line":11,"column":23},"end":{"line":11,"column":60}},"7":{"start":{"line":13,"column":4},"end":{"line":13,"column":null}},"8":{"start":{"line":15,"column":4},"end":{"line":19,"column":null}},"9":{"start":{"line":16,"column":28},"end":{"line":16,"column":98}},"10":{"start":{"line":18,"column":8},"end":{"line":18,"column":null}},"11":{"start":{"line":21,"column":4},"end":{"line":21,"column":null}},"12":{"start":{"line":9,"column":13},"end":{"line":9,"column":22}},"13":{"start":{"line":24,"column":23},"end":{"line":26,"column":null}},"14":{"start":{"line":24,"column":67},"end":{"line":26,"column":null}},"15":{"start":{"line":25,"column":4},"end":{"line":25,"column":null}},"16":{"start":{"line":24,"column":13},"end":{"line":24,"column":23}},"17":{"start":{"line":28,"column":22},"end":{"line":37,"column":null}},"18":{"start":{"line":28,"column":97},"end":{"line":37,"column":null}},"19":{"start":{"line":29,"column":4},"end":{"line":34,"column":null}},"20":{"start":{"line":30,"column":19},"end":{"line":30,"column":43}},"21":{"start":{"line":31,"column":27},"end":{"line":31,"column":64}},"22":{"start":{"line":33,"column":8},"end":{"line":33,"column":null}},"23":{"start":{"line":36,"column":4},"end":{"line":36,"column":null}},"24":{"start":{"line":28,"column":13},"end":{"line":28,"column":22}},"25":{"start":{"line":39,"column":26},"end":{"line":41,"column":null}},"26":{"start":{"line":39,"column":65},"end":{"line":41,"column":null}},"27":{"start":{"line":40,"column":4},"end":{"line":40,"column":null}},"28":{"start":{"line":39,"column":13},"end":{"line":39,"column":26}},"29":{"start":{"line":43,"column":22},"end":{"line":45,"column":null}},"30":{"start":{"line":43,"column":87},"end":{"line":45,"column":null}},"31":{"start":{"line":44,"column":4},"end":{"line":44,"column":null}},"32":{"start":{"line":43,"column":13},"end":{"line":43,"column":22}}},"fnMap":{"0":{"name":"(anonymous_13)","decl":{"start":{"line":9,"column":22},"end":{"line":9,"column":29}},"loc":{"start":{"line":9,"column":76},"end":{"line":22,"column":null}}},"1":{"name":"(anonymous_14)","decl":{"start":{"line":9,"column":76},"end":{"line":9,"column":null}},"loc":{"start":{"line":9,"column":76},"end":{"line":22,"column":1}}},"2":{"name":"(anonymous_15)","decl":{"start":{"line":24,"column":23},"end":{"line":24,"column":30}},"loc":{"start":{"line":24,"column":67},"end":{"line":26,"column":null}}},"3":{"name":"(anonymous_16)","decl":{"start":{"line":24,"column":67},"end":{"line":24,"column":null}},"loc":{"start":{"line":24,"column":67},"end":{"line":26,"column":1}}},"4":{"name":"(anonymous_17)","decl":{"start":{"line":28,"column":22},"end":{"line":28,"column":29}},"loc":{"start":{"line":28,"column":97},"end":{"line":37,"column":null}}},"5":{"name":"(anonymous_18)","decl":{"start":{"line":28,"column":97},"end":{"line":28,"column":null}},"loc":{"start":{"line":28,"column":97},"end":{"line":37,"column":1}}},"6":{"name":"(anonymous_19)","decl":{"start":{"line":39,"column":26},"end":{"line":39,"column":33}},"loc":{"start":{"line":39,"column":65},"end":{"line":41,"column":null}}},"7":{"name":"(anonymous_20)","decl":{"start":{"line":39,"column":65},"end":{"line":39,"column":null}},"loc":{"start":{"line":39,"column":65},"end":{"line":41,"column":1}}},"8":{"name":"(anonymous_21)","decl":{"start":{"line":43,"column":22},"end":{"line":43,"column":29}},"loc":{"start":{"line":43,"column":87},"end":{"line":45,"column":null}}},"9":{"name":"(anonymous_22)","decl":{"start":{"line":43,"column":87},"end":{"line":43,"column":null}},"loc":{"start":{"line":43,"column":87},"end":{"line":45,"column":1}}}},"branchMap":{"0":{"loc":{"start":{"line":13,"column":32},"end":{"line":13,"column":77}},"type":"cond-expr","locations":[{"start":{"line":13,"column":32},"end":{"line":13,"column":77}},{"start":{"line":13,"column":80},"end":{"line":13,"column":84}}]},"1":{"loc":{"start":{"line":15,"column":4},"end":{"line":19,"column":null}},"type":"if","locations":[{"start":{"line":15,"column":4},"end":{"line":19,"column":null}},{"start":{"line":15,"column":4},"end":{"line":19,"column":null}}]},"2":{"loc":{"start":{"line":29,"column":4},"end":{"line":34,"column":null}},"type":"if","locations":[{"start":{"line":29,"column":4},"end":{"line":34,"column":null}},{"start":{"line":29,"column":4},"end":{"line":34,"column":null}}]},"3":{"loc":{"start":{"line":33,"column":36},"end":{"line":33,"column":81}},"type":"cond-expr","locations":[{"start":{"line":33,"column":36},"end":{"line":33,"column":81}},{"start":{"line":33,"column":84},"end":{"line":33,"column":88}}]}},"s":{"0":1,"1":1,"2":1,"3":1,"4":0,"5":0,"6":0,"7":0,"8":0,"9":0,"10":0,"11":0,"12":1,"13":1,"14":1,"15":1,"16":1,"17":1,"18":0,"19":0,"20":0,"21":0,"22":0,"23":0,"24":1,"25":1,"26":0,"27":0,"28":1,"29":1,"30":1,"31":1,"32":1},"f":{"0":0,"1":0,"2":1,"3":1,"4":0,"5":0,"6":0,"7":0,"8":1,"9":1},"b":{"0":[0,0],"1":[0,0],"2":[0,0],"3":[0,0]}}
,"/Users/iby/work/cookbook/src/db/services/ReviewService.ts": {"path":"/Users/iby/work/cookbook/src/db/services/ReviewService.ts","statementMap":{"0":{"start":{"line":1,"column":0},"end":{"line":1,"column":42}},"1":{"start":{"line":5,"column":22},"end":{"line":7,"column":1}},"2":{"start":{"line":6,"column":4},"end":{"line":6,"column":null}},"3":{"start":{"line":5,"column":13},"end":{"line":5,"column":22}},"4":{"start":{"line":9,"column":22},"end":{"line":11,"column":1}},"5":{"start":{"line":10,"column":4},"end":{"line":10,"column":null}},"6":{"start":{"line":9,"column":13},"end":{"line":9,"column":22}},"7":{"start":{"line":13,"column":23},"end":{"line":15,"column":1}},"8":{"start":{"line":14,"column":4},"end":{"line":14,"column":null}},"9":{"start":{"line":13,"column":13},"end":{"line":13,"column":23}},"10":{"start":{"line":17,"column":26},"end":{"line":19,"column":1}},"11":{"start":{"line":18,"column":4},"end":{"line":18,"column":null}},"12":{"start":{"line":17,"column":13},"end":{"line":17,"column":26}},"13":{"start":{"line":21,"column":22},"end":{"line":23,"column":1}},"14":{"start":{"line":22,"column":4},"end":{"line":22,"column":null}},"15":{"start":{"line":21,"column":13},"end":{"line":21,"column":22}},"16":{"start":{"line":25,"column":29},"end":{"line":30,"column":1}},"17":{"start":{"line":26,"column":4},"end":{"line":29,"column":null}},"18":{"start":{"line":25,"column":13},"end":{"line":25,"column":29}},"19":{"start":{"line":32,"column":31},"end":{"line":37,"column":1}},"20":{"start":{"line":33,"column":4},"end":{"line":36,"column":null}},"21":{"start":{"line":32,"column":13},"end":{"line":32,"column":31}}},"fnMap":{"0":{"name":"(anonymous_6)","decl":{"start":{"line":5,"column":22},"end":{"line":5,"column":23}},"loc":{"start":{"line":5,"column":69},"end":{"line":7,"column":1}}},"1":{"name":"(anonymous_7)","decl":{"start":{"line":9,"column":22},"end":{"line":9,"column":23}},"loc":{"start":{"line":9,"column":118},"end":{"line":11,"column":1}}},"2":{"name":"(anonymous_8)","decl":{"start":{"line":13,"column":23},"end":{"line":13,"column":24}},"loc":{"start":{"line":13,"column":60},"end":{"line":15,"column":1}}},"3":{"name":"(anonymous_9)","decl":{"start":{"line":17,"column":26},"end":{"line":17,"column":27}},"loc":{"start":{"line":17,"column":59},"end":{"line":19,"column":1}}},"4":{"name":"(anonymous_10)","decl":{"start":{"line":21,"column":22},"end":{"line":21,"column":23}},"loc":{"start":{"line":21,"column":80},"end":{"line":23,"column":1}}},"5":{"name":"(anonymous_11)","decl":{"start":{"line":25,"column":29},"end":{"line":25,"column":30}},"loc":{"start":{"line":25,"column":66},"end":{"line":30,"column":1}}},"6":{"name":"(anonymous_12)","decl":{"start":{"line":32,"column":31},"end":{"line":32,"column":32}},"loc":{"start":{"line":32,"column":68},"end":{"line":37,"column":1}}}},"branchMap":{},"s":{"0":1,"1":1,"2":0,"3":1,"4":1,"5":0,"6":1,"7":1,"8":0,"9":1,"10":1,"11":0,"12":1,"13":1,"14":0,"15":1,"16":1,"17":1,"18":1,"19":1,"20":0,"21":1},"f":{"0":0,"1":0,"2":0,"3":0,"4":0,"5":1,"6":0},"b":{}}
,"/Users/iby/work/cookbook/tests/helpers.ts": {"path":"/Users/iby/work/cookbook/tests/helpers.ts","statementMap":{"0":{"start":{"line":1,"column":0},"end":{"line":1,"column":45}},"1":{"start":{"line":3,"column":0},"end":{"line":3,"column":50}},"2":{"start":{"line":5,"column":13},"end":{"line":5,"column":null}}},"fnMap":{},"branchMap":{},"s":{"0":1,"1":1,"2":1},"f":{},"b":{}}
}
